This file contains any messages produced by compilers while
running configure, to aid debugging if configure makes a mistake.

It was created by FULL-PACKAGE-NAME configure VERSION, which was
generated by GNU Autoconf 2.68.  Invocation command line was

  $ ./configure --no-create --no-recursion

## --------- ##
## Platform. ##
## --------- ##

hostname = zhanggx-ThinkPad-X230
uname -m = x86_64
uname -r = 3.2.0-37-generic
uname -s = Linux
uname -v = #58-Ubuntu SMP Thu Jan 24 15:28:10 UTC 2013

/usr/bin/uname -p = unknown
/bin/uname -X     = unknown

/bin/arch              = unknown
/usr/bin/arch -k       = unknown
/usr/convex/getsysinfo = unknown
/usr/bin/hostinfo      = unknown
/bin/machine           = unknown
/usr/bin/oslevel       = unknown
/bin/universe          = unknown

PATH: /home/zhanggx/bin
PATH: /usr/lib/lightdm/lightdm
PATH: /usr/local/sbin
PATH: /usr/local/bin
PATH: /usr/sbin
PATH: /usr/bin
PATH: /sbin
PATH: /bin
PATH: /usr/games


## ----------- ##
## Core tests. ##
## ----------- ##

configure:2273: checking for a BSD-compatible install
configure:2341: result: /usr/bin/install -c
configure:2352: checking whether build environment is sane
configure:2402: result: yes
configure:2543: checking for a thread-safe mkdir -p
configure:2582: result: /bin/mkdir -p
configure:2595: checking for gawk
configure:2625: result: no
configure:2595: checking for mawk
configure:2611: found /usr/bin/mawk
configure:2622: result: mawk
configure:2633: checking whether make sets $(MAKE)
configure:2655: result: yes
configure:2784: checking for gcc
configure:2800: found /usr/bin/gcc
configure:2811: result: gcc
configure:3040: checking for C compiler version
configure:3049: gcc --version >&5
gcc (Ubuntu/Linaro 4.4.7-1ubuntu2) 4.4.7
Copyright (C) 2010 Free Software Foundation, Inc.
This is free software; see the source for copying conditions.  There is NO
warranty; not even for MERCHANTABILITY or FITNESS FOR A PARTICULAR PURPOSE.

configure:3060: $? = 0
configure:3049: gcc -v >&5
Using built-in specs.
Target: x86_64-linux-gnu
Configured with: ../src/configure -v --with-pkgversion='Ubuntu/Linaro 4.4.7-1ubuntu2' --with-bugurl=file:///usr/share/doc/gcc-4.4/README.Bugs --enable-languages=c,c++,fortran,objc,obj-c++ --prefix=/usr --program-suffix=-4.4 --enable-shared --enable-linker-build-id --with-system-zlib --libexecdir=/usr/lib --without-included-gettext --enable-threads=posix --with-gxx-include-dir=/usr/include/c++/4.4 --libdir=/usr/lib --enable-nls --with-sysroot=/ --enable-clocale=gnu --enable-libstdcxx-debug --enable-objc-gc --disable-werror --with-arch-32=i686 --with-tune=generic --enable-checking=release --build=x86_64-linux-gnu --host=x86_64-linux-gnu --target=x86_64-linux-gnu
Thread model: posix
gcc version 4.4.7 (Ubuntu/Linaro 4.4.7-1ubuntu2) 
configure:3060: $? = 0
configure:3049: gcc -V >&5
gcc: '-V' option must have argument
configure:3060: $? = 1
configure:3049: gcc -qversion >&5
gcc: unrecognized option '-qversion'
gcc: no input files
configure:3060: $? = 1
configure:3080: checking whether the C compiler works
configure:3102: gcc    conftest.c  >&5
configure:3106: $? = 0
configure:3154: result: yes
configure:3157: checking for C compiler default output file name
configure:3159: result: a.out
configure:3165: checking for suffix of executables
configure:3172: gcc -o conftest    conftest.c  >&5
configure:3176: $? = 0
configure:3198: result: 
configure:3220: checking whether we are cross compiling
configure:3228: gcc -o conftest    conftest.c  >&5
configure:3232: $? = 0
configure:3239: ./conftest
configure:3243: $? = 0
configure:3258: result: no
configure:3263: checking for suffix of object files
configure:3285: gcc -c   conftest.c >&5
configure:3289: $? = 0
configure:3310: result: o
configure:3314: checking whether we are using the GNU C compiler
configure:3333: gcc -c   conftest.c >&5
configure:3333: $? = 0
configure:3342: result: yes
configure:3351: checking whether gcc accepts -g
configure:3371: gcc -c -g  conftest.c >&5
configure:3371: $? = 0
configure:3412: result: yes
configure:3429: checking for gcc option to accept ISO C89
configure:3493: gcc  -c -g -O2  conftest.c >&5
configure:3493: $? = 0
configure:3506: result: none needed
configure:3537: checking for style of include used by make
configure:3565: result: GNU
configure:3591: checking dependency style of gcc
configure:3702: result: gcc3
configure:3727: checking how to run the C preprocessor
configure:3758: gcc -E  conftest.c
configure:3758: $? = 0
configure:3772: gcc -E  conftest.c
conftest.c:11: fatal error: ac_nonexistent.h: No such file or directory
compilation terminated.
configure:3772: $? = 1
configure: failed program was:
| /* confdefs.h */
| #define PACKAGE_NAME "FULL-PACKAGE-NAME"
| #define PACKAGE_TARNAME "full-package-name"
| #define PACKAGE_VERSION "VERSION"
| #define PACKAGE_STRING "FULL-PACKAGE-NAME VERSION"
| #define PACKAGE_BUGREPORT "BUG-REPORT-ADDRESS"
| #define PACKAGE_URL ""
| #define PACKAGE "full-package-name"
| #define VERSION "VERSION"
| /* end confdefs.h.  */
| #include <ac_nonexistent.h>
configure:3797: result: gcc -E
configure:3817: gcc -E  conftest.c
configure:3817: $? = 0
configure:3831: gcc -E  conftest.c
conftest.c:11: fatal error: ac_nonexistent.h: No such file or directory
compilation terminated.
configure:3831: $? = 1
configure: failed program was:
| /* confdefs.h */
| #define PACKAGE_NAME "FULL-PACKAGE-NAME"
| #define PACKAGE_TARNAME "full-package-name"
| #define PACKAGE_VERSION "VERSION"
| #define PACKAGE_STRING "FULL-PACKAGE-NAME VERSION"
| #define PACKAGE_BUGREPORT "BUG-REPORT-ADDRESS"
| #define PACKAGE_URL ""
| #define PACKAGE "full-package-name"
| #define VERSION "VERSION"
| /* end confdefs.h.  */
| #include <ac_nonexistent.h>
configure:3860: checking for grep that handles long lines and -e
configure:3918: result: /bin/grep
configure:3923: checking for egrep
configure:3985: result: /bin/grep -E
configure:3990: checking for ANSI C header files
configure:4010: gcc -c -g -O2  conftest.c >&5
configure:4010: $? = 0
configure:4083: gcc -o conftest -g -O2   conftest.c  >&5
configure:4083: $? = 0
configure:4083: ./conftest
configure:4083: $? = 0
configure:4094: result: yes
configure:4107: checking for sys/types.h
configure:4107: gcc -c -g -O2  conftest.c >&5
configure:4107: $? = 0
configure:4107: result: yes
configure:4107: checking for sys/stat.h
configure:4107: gcc -c -g -O2  conftest.c >&5
configure:4107: $? = 0
configure:4107: result: yes
configure:4107: checking for stdlib.h
configure:4107: gcc -c -g -O2  conftest.c >&5
configure:4107: $? = 0
configure:4107: result: yes
configure:4107: checking for string.h
configure:4107: gcc -c -g -O2  conftest.c >&5
configure:4107: $? = 0
configure:4107: result: yes
configure:4107: checking for memory.h
configure:4107: gcc -c -g -O2  conftest.c >&5
configure:4107: $? = 0
configure:4107: result: yes
configure:4107: checking for strings.h
configure:4107: gcc -c -g -O2  conftest.c >&5
configure:4107: $? = 0
configure:4107: result: yes
configure:4107: checking for inttypes.h
configure:4107: gcc -c -g -O2  conftest.c >&5
configure:4107: $? = 0
configure:4107: result: yes
configure:4107: checking for stdint.h
configure:4107: gcc -c -g -O2  conftest.c >&5
configure:4107: $? = 0
configure:4107: result: yes
configure:4107: checking for unistd.h
configure:4107: gcc -c -g -O2  conftest.c >&5
configure:4107: $? = 0
configure:4107: result: yes
configure:4122: checking for stdint.h
configure:4122: result: yes
configure:4122: checking for stdlib.h
configure:4122: result: yes
configure:4122: checking for string.h
configure:4122: result: yes
configure:4134: checking for size_t
configure:4134: gcc -c -g -O2  conftest.c >&5
configure:4134: $? = 0
configure:4134: gcc -c -g -O2  conftest.c >&5
conftest.c: In function 'main':
conftest.c:60: error: expected expression before ')' token
configure:4134: $? = 1
configure: failed program was:
| /* confdefs.h */
| #define PACKAGE_NAME "FULL-PACKAGE-NAME"
| #define PACKAGE_TARNAME "full-package-name"
| #define PACKAGE_VERSION "VERSION"
| #define PACKAGE_STRING "FULL-PACKAGE-NAME VERSION"
| #define PACKAGE_BUGREPORT "BUG-REPORT-ADDRESS"
| #define PACKAGE_URL ""
| #define PACKAGE "full-package-name"
| #define VERSION "VERSION"
| #define STDC_HEADERS 1
| #define HAVE_SYS_TYPES_H 1
| #define HAVE_SYS_STAT_H 1
| #define HAVE_STDLIB_H 1
| #define HAVE_STRING_H 1
| #define HAVE_MEMORY_H 1
| #define HAVE_STRINGS_H 1
| #define HAVE_INTTYPES_H 1
| #define HAVE_STDINT_H 1
| #define HAVE_UNISTD_H 1
| #define HAVE_STDINT_H 1
| #define HAVE_STDLIB_H 1
| #define HAVE_STRING_H 1
| /* end confdefs.h.  */
| #include <stdio.h>
| #ifdef HAVE_SYS_TYPES_H
| # include <sys/types.h>
| #endif
| #ifdef HAVE_SYS_STAT_H
| # include <sys/stat.h>
| #endif
| #ifdef STDC_HEADERS
| # include <stdlib.h>
| # include <stddef.h>
| #else
| # ifdef HAVE_STDLIB_H
| #  include <stdlib.h>
| # endif
| #endif
| #ifdef HAVE_STRING_H
| # if !defined STDC_HEADERS && defined HAVE_MEMORY_H
| #  include <memory.h>
| # endif
| # include <string.h>
| #endif
| #ifdef HAVE_STRINGS_H
| # include <strings.h>
| #endif
| #ifdef HAVE_INTTYPES_H
| # include <inttypes.h>
| #endif
| #ifdef HAVE_STDINT_H
| # include <stdint.h>
| #endif
| #ifdef HAVE_UNISTD_H
| # include <unistd.h>
| #endif
| int
| main ()
| {
| if (sizeof ((size_t)))
| 	    return 0;
|   ;
|   return 0;
| }
configure:4134: result: yes
configure:4145: checking for uint32_t
configure:4145: gcc -c -g -O2  conftest.c >&5
configure:4145: $? = 0
configure:4145: result: yes
configure:4159: checking for uint64_t
configure:4159: gcc -c -g -O2  conftest.c >&5
configure:4159: $? = 0
configure:4159: result: yes
configure:4173: checking for uint8_t
configure:4173: gcc -c -g -O2  conftest.c >&5
configure:4173: $? = 0
configure:4173: result: yes
configure:4191: checking for stdlib.h
configure:4191: result: yes
configure:4201: checking for GNU libc compatible malloc
configure:4225: gcc -o conftest -g -O2   conftest.c  >&5
configure:4225: $? = 0
configure:4225: ./conftest
configure:4225: $? = 0
configure:4235: result: yes
configure:4258: checking for memset
configure:4258: gcc -o conftest -g -O2   conftest.c  >&5
conftest.c:49: warning: conflicting types for built-in function 'memset'
configure:4258: $? = 0
configure:4258: result: yes
configure:4400: creating ./config.status

## ---------------- ##
## Cache variables. ##
## ---------------- ##

ac_cv_c_compiler_gnu=yes
ac_cv_c_uint32_t=yes
ac_cv_c_uint64_t=yes
ac_cv_c_uint8_t=yes
ac_cv_env_CC_set=
ac_cv_env_CC_value=
ac_cv_env_CFLAGS_set=
ac_cv_env_CFLAGS_value=
ac_cv_env_CPPFLAGS_set=
ac_cv_env_CPPFLAGS_value=
ac_cv_env_CPP_set=
ac_cv_env_CPP_value=
ac_cv_env_LDFLAGS_set=
ac_cv_env_LDFLAGS_value=
ac_cv_env_LIBS_set=
ac_cv_env_LIBS_value=
ac_cv_env_build_alias_set=
ac_cv_env_build_alias_value=
ac_cv_env_host_alias_set=
ac_cv_env_host_alias_value=
ac_cv_env_target_alias_set=
ac_cv_env_target_alias_value=
ac_cv_func_malloc_0_nonnull=yes
ac_cv_func_memset=yes
ac_cv_header_inttypes_h=yes
ac_cv_header_memory_h=yes
ac_cv_header_stdc=yes
ac_cv_header_stdint_h=yes
ac_cv_header_stdlib_h=yes
ac_cv_header_string_h=yes
ac_cv_header_strings_h=yes
ac_cv_header_sys_stat_h=yes
ac_cv_header_sys_types_h=yes
ac_cv_header_unistd_h=yes
ac_cv_objext=o
ac_cv_path_EGREP='/bin/grep -E'
ac_cv_path_GREP=/bin/grep
ac_cv_path_install='/usr/bin/install -c'
ac_cv_path_mkdir=/bin/mkdir
ac_cv_prog_AWK=mawk
ac_cv_prog_CPP='gcc -E'
ac_cv_prog_ac_ct_CC=gcc
ac_cv_prog_cc_c89=
ac_cv_prog_cc_g=yes
ac_cv_prog_make_make_set=yes
ac_cv_type_size_t=yes
am_cv_CC_dependencies_compiler_type=gcc3

## ----------------- ##
## Output variables. ##
## ----------------- ##

ACLOCAL='${SHELL} /home/zhanggx/pros/caesar/core/missing --run aclocal-1.11'
AMDEPBACKSLASH='\'
AMDEP_FALSE='#'
AMDEP_TRUE=''
AMTAR='$${TAR-tar}'
AUTOCONF='${SHELL} /home/zhanggx/pros/caesar/core/missing --run autoconf'
AUTOHEADER='${SHELL} /home/zhanggx/pros/caesar/core/missing --run autoheader'
AUTOMAKE='${SHELL} /home/zhanggx/pros/caesar/core/missing --run automake-1.11'
AWK='mawk'
CC='gcc'
CCDEPMODE='depmode=gcc3'
CFLAGS='-g -O2'
CPP='gcc -E'
CPPFLAGS=''
CYGPATH_W='echo'
DEFS='-DHAVE_CONFIG_H'
DEPDIR='.deps'
ECHO_C=''
ECHO_N='-n'
ECHO_T=''
EGREP='/bin/grep -E'
EXEEXT=''
GREP='/bin/grep'
INSTALL_DATA='${INSTALL} -m 644'
INSTALL_PROGRAM='${INSTALL}'
INSTALL_SCRIPT='${INSTALL}'
INSTALL_STRIP_PROGRAM='$(install_sh) -c -s'
LDFLAGS=''
LIBOBJS=''
LIBS=''
LTLIBOBJS=''
MAKEINFO='${SHELL} /home/zhanggx/pros/caesar/core/missing --run makeinfo'
MKDIR_P='/bin/mkdir -p'
OBJEXT='o'
PACKAGE='full-package-name'
PACKAGE_BUGREPORT='BUG-REPORT-ADDRESS'
PACKAGE_NAME='FULL-PACKAGE-NAME'
PACKAGE_STRING='FULL-PACKAGE-NAME VERSION'
PACKAGE_TARNAME='full-package-name'
PACKAGE_URL=''
PACKAGE_VERSION='VERSION'
PATH_SEPARATOR=':'
SET_MAKE=''
SHELL='/bin/bash'
STRIP=''
VERSION='VERSION'
ac_ct_CC='gcc'
am__EXEEXT_FALSE=''
am__EXEEXT_TRUE='#'
am__fastdepCC_FALSE='#'
am__fastdepCC_TRUE=''
am__include='include'
am__isrc=''
am__leading_dot='.'
am__nodep='_no'
am__quote=''
am__tar='$${TAR-tar} chof - "$$tardir"'
am__untar='$${TAR-tar} xf -'
bindir='${exec_prefix}/bin'
build_alias=''
datadir='${datarootdir}'
datarootdir='${prefix}/share'
docdir='${datarootdir}/doc/${PACKAGE_TARNAME}'
dvidir='${docdir}'
exec_prefix='${prefix}'
host_alias=''
htmldir='${docdir}'
includedir='${prefix}/include'
infodir='${datarootdir}/info'
install_sh='${SHELL} /home/zhanggx/pros/caesar/core/install-sh'
libdir='${exec_prefix}/lib'
libexecdir='${exec_prefix}/libexec'
localedir='${datarootdir}/locale'
localstatedir='${prefix}/var'
mandir='${datarootdir}/man'
mkdir_p='/bin/mkdir -p'
oldincludedir='/usr/include'
pdfdir='${docdir}'
prefix='/usr/local'
program_transform_name='s,x,x,'
psdir='${docdir}'
sbindir='${exec_prefix}/sbin'
sharedstatedir='${prefix}/com'
sysconfdir='${prefix}/etc'
target_alias=''

## ----------- ##
## confdefs.h. ##
## ----------- ##

/* confdefs.h */
#define PACKAGE_NAME "FULL-PACKAGE-NAME"
#define PACKAGE_TARNAME "full-package-name"
#define PACKAGE_VERSION "VERSION"
#define PACKAGE_STRING "FULL-PACKAGE-NAME VERSION"
#define PACKAGE_BUGREPORT "BUG-REPORT-ADDRESS"
#define PACKAGE_URL ""
#define PACKAGE "full-package-name"
#define VERSION "VERSION"
#define STDC_HEADERS 1
#define HAVE_SYS_TYPES_H 1
#define HAVE_SYS_STAT_H 1
#define HAVE_STDLIB_H 1
#define HAVE_STRING_H 1
#define HAVE_MEMORY_H 1
#define HAVE_STRINGS_H 1
#define HAVE_INTTYPES_H 1
#define HAVE_STDINT_H 1
#define HAVE_UNISTD_H 1
#define HAVE_STDINT_H 1
#define HAVE_STDLIB_H 1
#define HAVE_STRING_H 1
#define HAVE_STDLIB_H 1
#define HAVE_MALLOC 1
#define HAVE_MEMSET 1

configure: exit 0

## ---------------------- ##
## Running config.status. ##
## ---------------------- ##

This file was extended by FULL-PACKAGE-NAME config.status VERSION, which was
generated by GNU Autoconf 2.68.  Invocation command line was

  CONFIG_FILES    = 
  CONFIG_HEADERS  = 
  CONFIG_LINKS    = 
  CONFIG_COMMANDS = 
  $ ./config.status 

on zhanggx-ThinkPad-X230

config.status:866: creating Makefile
config.status:866: creating config.h
config.status:1047: config.h is unchanged
config.status:1095: executing depfiles commands

## ---------------------- ##
## Running config.status. ##
## ---------------------- ##

This file was extended by FULL-PACKAGE-NAME config.status VERSION, which was
generated by GNU Autoconf 2.68.  Invocation command line was

  CONFIG_FILES    = 
  CONFIG_HEADERS  = 
  CONFIG_LINKS    = 
  CONFIG_COMMANDS = 
  $ ./config.status config.h

on zhanggx-ThinkPad-X230

config.status:866: creating config.h
